{
  "stats": {
    "suites": 1,
    "tests": 3,
    "passes": 3,
    "pending": 0,
    "failures": 0,
    "start": "2023-12-28T19:14:01.173Z",
    "end": "2023-12-28T19:14:23.271Z",
    "duration": 22098,
    "testsRegistered": 3,
    "passPercent": 100,
    "pendingPercent": 0,
    "other": 0,
    "hasOther": false,
    "skipped": 0,
    "hasSkipped": false
  },
  "results": [
    {
      "uuid": "618cb7ea-3138-4161-a23f-843783806e74",
      "title": "",
      "fullFile": "C:\\E2ETreinamentos\\atomation-codeceptjs\\e2e\\login_test.js",
      "file": "\\e2e\\login_test.js",
      "beforeHooks": [],
      "afterHooks": [],
      "tests": [],
      "suites": [
        {
          "uuid": "1d7ff335-b6b7-470e-a6d3-c6f66cdc0ae6",
          "title": "login",
          "fullFile": "C:\\E2ETreinamentos\\atomation-codeceptjs\\e2e\\login_test.js",
          "file": "\\e2e\\login_test.js",
          "beforeHooks": [
            {
              "title": "\"before all\" hook: codeceptjs.beforeSuite in \"login\"",
              "fullTitle": "login \"before all\" hook: codeceptjs.beforeSuite in \"login\"",
              "timedOut": false,
              "duration": 1552,
              "state": null,
              "speed": null,
              "pass": false,
              "fail": false,
              "pending": false,
              "context": null,
              "code": "scenario.suiteSetup(suite)",
              "err": {},
              "uuid": "7efee86a-b5d8-4d58-b624-a5bd2dacbc84",
              "parentUUID": "1d7ff335-b6b7-470e-a6d3-c6f66cdc0ae6",
              "isHook": true,
              "skipped": false
            },
            {
              "title": "\"before each\" hook: codeceptjs.before in \"login\"",
              "fullTitle": "login \"before each\" hook: codeceptjs.before in \"login\"",
              "timedOut": false,
              "duration": 416,
              "state": null,
              "speed": null,
              "pass": false,
              "fail": false,
              "pending": false,
              "context": null,
              "code": "scenario.setup(suite)",
              "err": {},
              "uuid": "8d002c99-1d5d-4aed-a50e-f8fa65f1d36e",
              "parentUUID": "1d7ff335-b6b7-470e-a6d3-c6f66cdc0ae6",
              "isHook": true,
              "skipped": false
            }
          ],
          "afterHooks": [
            {
              "title": "\"after all\" hook: codeceptjs.afterSuite in \"login\"",
              "fullTitle": "login \"after all\" hook: codeceptjs.afterSuite in \"login\"",
              "timedOut": false,
              "duration": 0,
              "state": null,
              "speed": null,
              "pass": false,
              "fail": false,
              "pending": false,
              "context": null,
              "code": "scenario.suiteTeardown(suite)",
              "err": {},
              "uuid": "53760947-5348-4f44-bf36-31c3206fac60",
              "parentUUID": "1d7ff335-b6b7-470e-a6d3-c6f66cdc0ae6",
              "isHook": true,
              "skipped": false
            },
            {
              "title": "\"after each\" hook: finalize codeceptjs in \"login\"",
              "fullTitle": "login \"after each\" hook: finalize codeceptjs in \"login\"",
              "timedOut": false,
              "duration": 16,
              "state": null,
              "speed": null,
              "pass": false,
              "fail": false,
              "pending": false,
              "context": null,
              "code": "scenario.teardown(suite)",
              "err": {},
              "uuid": "981c52fa-89d4-4229-88d5-93b04dac8861",
              "parentUUID": "1d7ff335-b6b7-470e-a6d3-c6f66cdc0ae6",
              "isHook": true,
              "skipped": false
            }
          ],
          "tests": [
            {
              "title": "deve realizar login com sucesso @positivo",
              "fullTitle": "login: deve realizar login com sucesso @positivo",
              "timedOut": false,
              "duration": 7473,
              "state": "passed",
              "speed": "slow",
              "pass": true,
              "fail": false,
              "pending": false,
              "context": null,
              "code": "I.amOnPage('/login?back=my-account')\nloginPage.preencherFormLogin('e2etreinamentos@email.com', 'Teste@123')\nloginPage.submitLogin()\nloginPage.validarMsg('Aluno Treinamentos')",
              "err": {},
              "uuid": "0c43605d-9864-4e2d-8835-43f9c0ab7da3",
              "parentUUID": "1d7ff335-b6b7-470e-a6d3-c6f66cdc0ae6",
              "isHook": false,
              "skipped": false
            },
            {
              "title": "nao deve realizar login com email invalido @negativo",
              "fullTitle": "login: nao deve realizar login com email invalido @negativo",
              "timedOut": false,
              "duration": 5925,
              "state": "passed",
              "speed": "slow",
              "pass": true,
              "fail": false,
              "pending": false,
              "context": null,
              "code": "I.amOnPage('/login?back=my-account')\nloginPage.preencherFormLogin('treinamentos@email.com', 'Teste@123')\nloginPage.submitLogin()\nloginPage.validarCredenciaisInvalidas()",
              "err": {},
              "uuid": "01c9968c-f3f6-4a11-937d-089141ae042c",
              "parentUUID": "1d7ff335-b6b7-470e-a6d3-c6f66cdc0ae6",
              "isHook": false,
              "skipped": false
            },
            {
              "title": "nao deve realizar login com senha invalida @negativo",
              "fullTitle": "login: nao deve realizar login com senha invalida @negativo",
              "timedOut": false,
              "duration": 6073,
              "state": "passed",
              "speed": "slow",
              "pass": true,
              "fail": false,
              "pending": false,
              "context": null,
              "code": "I.amOnPage('/login?back=my-account')\nloginPage.preencherFormLogin('e2etreinamentos@email.com', 'Teste@')\nloginPage.submitLogin()\nloginPage.validarCredenciaisInvalidas()",
              "err": {},
              "uuid": "1c110f07-2ba2-47ec-83ca-feeaa3790e12",
              "parentUUID": "1d7ff335-b6b7-470e-a6d3-c6f66cdc0ae6",
              "isHook": false,
              "skipped": false
            }
          ],
          "suites": [],
          "passes": [
            "0c43605d-9864-4e2d-8835-43f9c0ab7da3",
            "01c9968c-f3f6-4a11-937d-089141ae042c",
            "1c110f07-2ba2-47ec-83ca-feeaa3790e12"
          ],
          "failures": [],
          "pending": [],
          "skipped": [],
          "duration": 19471,
          "root": false,
          "rootEmpty": false,
          "_timeout": 0
        }
      ],
      "passes": [],
      "failures": [],
      "pending": [],
      "skipped": [],
      "duration": 0,
      "root": true,
      "rootEmpty": true,
      "_timeout": 0
    }
  ],
  "meta": {
    "mocha": {
      "version": "10.2.0"
    },
    "mochawesome": {
      "options": {
        "quiet": false,
        "reportFilename": "mochawesome",
        "saveHtml": true,
        "saveJson": true,
        "consoleReporter": "spec",
        "useInlineDiffs": false,
        "code": true
      },
      "version": "7.1.3"
    },
    "marge": {
      "options": {
        "reportDir": "output"
      },
      "version": "6.2.0"
    }
  }
}